Determining if the pthread_create exist failed with the following output:
Change Dir: /home/ringo/vision_master/build/CMakeFiles/CMakeTmp

Run Build Command:"/usr/bin/make" "cmTC_abb33/fast"
/usr/bin/make -f CMakeFiles/cmTC_abb33.dir/build.make CMakeFiles/cmTC_abb33.dir/build
make[1]: Entering directory '/home/ringo/vision_master/build/CMakeFiles/CMakeTmp'
Building C object CMakeFiles/cmTC_abb33.dir/CheckSymbolExists.c.o
/usr/bin/cc    -o CMakeFiles/cmTC_abb33.dir/CheckSymbolExists.c.o   -c /home/ringo/vision_master/build/CMakeFiles/CMakeTmp/CheckSymbolExists.c
Linking C executable cmTC_abb33
/usr/bin/cmake -E cmake_link_script CMakeFiles/cmTC_abb33.dir/link.txt --verbose=1
/usr/bin/cc      -rdynamic CMakeFiles/cmTC_abb33.dir/CheckSymbolExists.c.o  -o cmTC_abb33 
CMakeFiles/cmTC_abb33.dir/CheckSymbolExists.c.o: In function `main':
CheckSymbolExists.c:(.text+0x1b): undefined reference to `pthread_create'
collect2: error: ld returned 1 exit status
CMakeFiles/cmTC_abb33.dir/build.make:97: recipe for target 'cmTC_abb33' failed
make[1]: *** [cmTC_abb33] Error 1
make[1]: Leaving directory '/home/ringo/vision_master/build/CMakeFiles/CMakeTmp'
Makefile:126: recipe for target 'cmTC_abb33/fast' failed
make: *** [cmTC_abb33/fast] Error 2

File /home/ringo/vision_master/build/CMakeFiles/CMakeTmp/CheckSymbolExists.c:
/* */
#include <pthread.h>

int main(int argc, char** argv)
{
  (void)argv;
#ifndef pthread_create
  return ((int*)(&pthread_create))[argc];
#else
  (void)argc;
  return 0;
#endif
}

Determining if the function pthread_create exists in the pthreads failed with the following output:
Change Dir: /home/ringo/vision_master/build/CMakeFiles/CMakeTmp

Run Build Command:"/usr/bin/make" "cmTC_d7064/fast"
/usr/bin/make -f CMakeFiles/cmTC_d7064.dir/build.make CMakeFiles/cmTC_d7064.dir/build
make[1]: Entering directory '/home/ringo/vision_master/build/CMakeFiles/CMakeTmp'
Building C object CMakeFiles/cmTC_d7064.dir/CheckFunctionExists.c.o
/usr/bin/cc   -DCHECK_FUNCTION_EXISTS=pthread_create   -o CMakeFiles/cmTC_d7064.dir/CheckFunctionExists.c.o   -c /usr/share/cmake-3.10/Modules/CheckFunctionExists.c
Linking C executable cmTC_d7064
/usr/bin/cmake -E cmake_link_script CMakeFiles/cmTC_d7064.dir/link.txt --verbose=1
/usr/bin/cc  -DCHECK_FUNCTION_EXISTS=pthread_create    -rdynamic CMakeFiles/cmTC_d7064.dir/CheckFunctionExists.c.o  -o cmTC_d7064 -lpthreads 
/usr/bin/ld: cannot find -lpthreads
collect2: error: ld returned 1 exit status
CMakeFiles/cmTC_d7064.dir/build.make:97: recipe for target 'cmTC_d7064' failed
make[1]: *** [cmTC_d7064] Error 1
make[1]: Leaving directory '/home/ringo/vision_master/build/CMakeFiles/CMakeTmp'
Makefile:126: recipe for target 'cmTC_d7064/fast' failed
make: *** [cmTC_d7064/fast] Error 2


